2024-02-04T22:02:33.674+0900 [DEBUG] [org.gradle.launcher.daemon.bootstrap.DaemonMain] Assuming the daemon was started with following jvm opts: [--add-opens=java.base/java.util=ALL-UNNAMED, --add-opens=java.base/java.lang=ALL-UNNAMED, --add-opens=java.base/java.lang.invoke=ALL-UNNAMED, --add-opens=java.prefs/java.util.prefs=ALL-UNNAMED, --add-opens=java.base/java.nio.charset=ALL-UNNAMED, --add-opens=java.base/java.net=ALL-UNNAMED, --add-opens=java.base/java.util.concurrent.atomic=ALL-UNNAMED, -XX:MaxMetaspaceSize=384m, -XX:+HeapDumpOnOutOfMemoryError, -Xms256m, -Xmx512m, -Dfile.encoding=UTF-8, -Duser.country=KR, -Duser.language=ko, -Duser.variant]
2024-02-04T22:02:33.749+0900 [INFO] [org.gradle.launcher.daemon.server.Daemon] start() called on daemon - DefaultDaemonContext[uid=19ac3835-0771-4eb5-93c5-e2b18b6652f0,javaHome=/Library/Java/JavaVirtualMachines/jdk-17.jdk/Contents/Home,daemonRegistryDir=/Users/electrozone/Backend/gradle/wrapper/daemon,pid=14078,idleTimeout=10800000,priority=NORMAL,applyInstrumentationAgent=true,daemonOpts=--add-opens=java.base/java.util=ALL-UNNAMED,--add-opens=java.base/java.lang=ALL-UNNAMED,--add-opens=java.base/java.lang.invoke=ALL-UNNAMED,--add-opens=java.prefs/java.util.prefs=ALL-UNNAMED,--add-opens=java.base/java.nio.charset=ALL-UNNAMED,--add-opens=java.base/java.net=ALL-UNNAMED,--add-opens=java.base/java.util.concurrent.atomic=ALL-UNNAMED,-XX:MaxMetaspaceSize=384m,-XX:+HeapDumpOnOutOfMemoryError,-Xms256m,-Xmx512m,-Dfile.encoding=UTF-8,-Duser.country=KR,-Duser.language=ko,-Duser.variant]
2024-02-04T22:02:33.773+0900 [DEBUG] [org.gradle.internal.remote.internal.inet.InetAddresses] Adding IP addresses for network interface utun3
2024-02-04T22:02:33.773+0900 [DEBUG] [org.gradle.internal.remote.internal.inet.InetAddresses] Is this a loopback interface? false
2024-02-04T22:02:33.773+0900 [DEBUG] [org.gradle.internal.remote.internal.inet.InetAddresses] Adding remote address /fe80:0:0:0:ce81:b1c:bd2c:69e%utun3
2024-02-04T22:02:33.773+0900 [DEBUG] [org.gradle.internal.remote.internal.inet.InetAddresses] Adding IP addresses for network interface utun2
2024-02-04T22:02:33.773+0900 [DEBUG] [org.gradle.internal.remote.internal.inet.InetAddresses] Is this a loopback interface? false
2024-02-04T22:02:33.774+0900 [DEBUG] [org.gradle.internal.remote.internal.inet.InetAddresses] Adding remote address /fe80:0:0:0:ae50:332c:6d08:72e9%utun2
2024-02-04T22:02:33.774+0900 [DEBUG] [org.gradle.internal.remote.internal.inet.InetAddresses] Adding IP addresses for network interface utun1
2024-02-04T22:02:33.774+0900 [DEBUG] [org.gradle.internal.remote.internal.inet.InetAddresses] Is this a loopback interface? false
2024-02-04T22:02:33.774+0900 [DEBUG] [org.gradle.internal.remote.internal.inet.InetAddresses] Adding remote address /fe80:0:0:0:9ad6:e87a:94bc:b632%utun1
2024-02-04T22:02:33.774+0900 [DEBUG] [org.gradle.internal.remote.internal.inet.InetAddresses] Adding IP addresses for network interface utun0
2024-02-04T22:02:33.774+0900 [DEBUG] [org.gradle.internal.remote.internal.inet.InetAddresses] Is this a loopback interface? false
2024-02-04T22:02:33.774+0900 [DEBUG] [org.gradle.internal.remote.internal.inet.InetAddresses] Adding remote address /fe80:0:0:0:a0a:1a1e:435e:41e9%utun0
2024-02-04T22:02:33.775+0900 [DEBUG] [org.gradle.internal.remote.internal.inet.InetAddresses] Adding IP addresses for network interface llw0
2024-02-04T22:02:33.775+0900 [DEBUG] [org.gradle.internal.remote.internal.inet.InetAddresses] Is this a loopback interface? false
2024-02-04T22:02:33.775+0900 [DEBUG] [org.gradle.internal.remote.internal.inet.InetAddresses] Adding remote address /fe80:0:0:0:40e4:92ff:fe3d:6083%llw0
2024-02-04T22:02:33.775+0900 [DEBUG] [org.gradle.internal.remote.internal.inet.InetAddresses] Adding IP addresses for network interface awdl0
2024-02-04T22:02:33.775+0900 [DEBUG] [org.gradle.internal.remote.internal.inet.InetAddresses] Is this a loopback interface? false
2024-02-04T22:02:33.775+0900 [DEBUG] [org.gradle.internal.remote.internal.inet.InetAddresses] Adding remote address /fe80:0:0:0:40e4:92ff:fe3d:6083%awdl0
2024-02-04T22:02:33.775+0900 [DEBUG] [org.gradle.internal.remote.internal.inet.InetAddresses] Adding IP addresses for network interface ap1
2024-02-04T22:02:33.775+0900 [DEBUG] [org.gradle.internal.remote.internal.inet.InetAddresses] Is this a loopback interface? false
2024-02-04T22:02:33.775+0900 [DEBUG] [org.gradle.internal.remote.internal.inet.InetAddresses] Adding remote address /fe80:0:0:0:70ed:3cff:fe05:4fa%ap1
2024-02-04T22:02:33.776+0900 [DEBUG] [org.gradle.internal.remote.internal.inet.InetAddresses] Adding IP addresses for network interface en0
2024-02-04T22:02:33.776+0900 [DEBUG] [org.gradle.internal.remote.internal.inet.InetAddresses] Is this a loopback interface? false
2024-02-04T22:02:33.776+0900 [DEBUG] [org.gradle.internal.remote.internal.inet.InetAddresses] Adding remote address /fe80:0:0:0:108e:e7a6:47ea:ed7f%en0
2024-02-04T22:02:33.776+0900 [DEBUG] [org.gradle.internal.remote.internal.inet.InetAddresses] Adding remote address /192.168.0.6
2024-02-04T22:02:33.776+0900 [DEBUG] [org.gradle.internal.remote.internal.inet.InetAddresses] Adding IP addresses for network interface lo0
2024-02-04T22:02:33.776+0900 [DEBUG] [org.gradle.internal.remote.internal.inet.InetAddresses] Is this a loopback interface? true
2024-02-04T22:02:33.776+0900 [DEBUG] [org.gradle.internal.remote.internal.inet.InetAddresses] Ignoring remote address on loopback interface /fe80:0:0:0:0:0:0:1%lo0
2024-02-04T22:02:33.776+0900 [DEBUG] [org.gradle.internal.remote.internal.inet.InetAddresses] Adding loopback address /0:0:0:0:0:0:0:1%lo0
2024-02-04T22:02:33.776+0900 [DEBUG] [org.gradle.internal.remote.internal.inet.InetAddresses] Adding loopback address /127.0.0.1
2024-02-04T22:02:33.779+0900 [DEBUG] [org.gradle.internal.remote.internal.inet.TcpIncomingConnector] Listening on [98482f1a-5f10-4369-8536-75e2d6093985 port:49152, addresses:[localhost/127.0.0.1]].
2024-02-04T22:02:33.787+0900 [DEBUG] [org.gradle.launcher.daemon.server.Daemon] Daemon starting at: Sun Feb 04 22:02:33 KST 2024, with address: [98482f1a-5f10-4369-8536-75e2d6093985 port:49152, addresses:[localhost/127.0.0.1]]
2024-02-04T22:02:33.787+0900 [INFO] [org.gradle.launcher.daemon.server.DaemonRegistryUpdater] Advertising the daemon address to the clients: [98482f1a-5f10-4369-8536-75e2d6093985 port:49152, addresses:[localhost/127.0.0.1]]
2024-02-04T22:02:33.787+0900 [DEBUG] [org.gradle.launcher.daemon.server.DaemonRegistryUpdater] Advertised daemon context: DefaultDaemonContext[uid=19ac3835-0771-4eb5-93c5-e2b18b6652f0,javaHome=/Library/Java/JavaVirtualMachines/jdk-17.jdk/Contents/Home,daemonRegistryDir=/Users/electrozone/Backend/gradle/wrapper/daemon,pid=14078,idleTimeout=10800000,priority=NORMAL,applyInstrumentationAgent=true,daemonOpts=--add-opens=java.base/java.util=ALL-UNNAMED,--add-opens=java.base/java.lang=ALL-UNNAMED,--add-opens=java.base/java.lang.invoke=ALL-UNNAMED,--add-opens=java.prefs/java.util.prefs=ALL-UNNAMED,--add-opens=java.base/java.nio.charset=ALL-UNNAMED,--add-opens=java.base/java.net=ALL-UNNAMED,--add-opens=java.base/java.util.concurrent.atomic=ALL-UNNAMED,-XX:MaxMetaspaceSize=384m,-XX:+HeapDumpOnOutOfMemoryError,-Xms256m,-Xmx512m,-Dfile.encoding=UTF-8,-Duser.country=KR,-Duser.language=ko,-Duser.variant]
2024-02-04T22:02:33.787+0900 [DEBUG] [org.gradle.launcher.daemon.registry.PersistentDaemonRegistry] Storing daemon address: [98482f1a-5f10-4369-8536-75e2d6093985 port:49152, addresses:[localhost/127.0.0.1]], context: DefaultDaemonContext[uid=19ac3835-0771-4eb5-93c5-e2b18b6652f0,javaHome=/Library/Java/JavaVirtualMachines/jdk-17.jdk/Contents/Home,daemonRegistryDir=/Users/electrozone/Backend/gradle/wrapper/daemon,pid=14078,idleTimeout=10800000,priority=NORMAL,applyInstrumentationAgent=true,daemonOpts=--add-opens=java.base/java.util=ALL-UNNAMED,--add-opens=java.base/java.lang=ALL-UNNAMED,--add-opens=java.base/java.lang.invoke=ALL-UNNAMED,--add-opens=java.prefs/java.util.prefs=ALL-UNNAMED,--add-opens=java.base/java.nio.charset=ALL-UNNAMED,--add-opens=java.base/java.net=ALL-UNNAMED,--add-opens=java.base/java.util.concurrent.atomic=ALL-UNNAMED,-XX:MaxMetaspaceSize=384m,-XX:+HeapDumpOnOutOfMemoryError,-Xms256m,-Xmx512m,-Dfile.encoding=UTF-8,-Duser.country=KR,-Duser.language=ko,-Duser.variant]
2024-02-04T22:02:33.797+0900 [DEBUG] [org.gradle.cache.internal.DefaultFileLockManager] Waiting to acquire exclusive lock on daemon addresses registry.
2024-02-04T22:02:33.801+0900 [DEBUG] [org.gradle.cache.internal.DefaultFileLockManager] The file lock for daemon addresses registry is held by a different Gradle process (pid: 14079, lockId: 5211553272816814589). Pinged owner at port 55106
2024-02-04T22:02:33.857+0900 [DEBUG] [org.gradle.cache.internal.DefaultFileLockManager] Lock acquired on daemon addresses registry.
2024-02-04T22:02:33.861+0900 [DEBUG] [org.gradle.cache.internal.DefaultFileLockManager] Releasing lock on daemon addresses registry.
2024-02-04T22:02:33.861+0900 [LIFECYCLE] [org.gradle.launcher.daemon.server.Daemon] Daemon server started.
2024-02-04T22:02:33.862+0900 [DEBUG] [org.gradle.launcher.daemon.bootstrap.DaemonStartupCommunication] Completed writing the daemon greeting. Closing streams...
2024-02-04T22:02:33.863+0900 [DEBUG] [org.gradle.launcher.daemon.server.Daemon] stopOnExpiration() called on daemon
2024-02-04T22:02:33.864+0900 [DEBUG] [org.gradle.launcher.daemon.server.Daemon] awaitExpiration() called on daemon
2024-02-04T22:02:33.864+0900 [DEBUG] [org.gradle.launcher.daemon.server.DaemonStateCoordinator] daemon is running. Sleeping until state changes.
2024-02-04T22:02:33.865+0900 [DEBUG] [org.gradle.internal.remote.internal.inet.TcpIncomingConnector] Accepted connection from /127.0.0.1:49154 to /127.0.0.1:49152.
2024-02-04T22:02:33.895+0900 [DEBUG] [org.gradle.launcher.daemon.server.SynchronizedDispatchConnection] thread 21: received class org.gradle.launcher.daemon.protocol.Build
2024-02-04T22:02:33.895+0900 [DEBUG] [org.gradle.launcher.daemon.server.DefaultDaemonConnection] thread 21: Received non-IO message from client: Build{id=3a8bb50f-2754-4684-8bba-6cda4af47453, currentDir=/Users/electrozone/Backend}
2024-02-04T22:02:33.895+0900 [INFO] [org.gradle.launcher.daemon.server.DefaultIncomingConnectionHandler] Received command: Build{id=3a8bb50f-2754-4684-8bba-6cda4af47453, currentDir=/Users/electrozone/Backend}.
2024-02-04T22:02:33.895+0900 [DEBUG] [org.gradle.launcher.daemon.server.DefaultIncomingConnectionHandler] Starting executing command: Build{id=3a8bb50f-2754-4684-8bba-6cda4af47453, currentDir=/Users/electrozone/Backend} with connection: socket connection from /127.0.0.1:49152 to /127.0.0.1:49154.
2024-02-04T22:02:33.896+0900 [DEBUG] [org.gradle.launcher.daemon.server.DaemonStateCoordinator] Command execution: started DaemonCommandExecution[command = Build{id=3a8bb50f-2754-4684-8bba-6cda4af47453, currentDir=/Users/electrozone/Backend}, connection = DefaultDaemonConnection: socket connection from /127.0.0.1:49152 to /127.0.0.1:49154] after 0.0 minutes of idle
2024-02-04T22:02:33.897+0900 [INFO] [org.gradle.launcher.daemon.server.DaemonRegistryUpdater] Marking the daemon as busy, address: [98482f1a-5f10-4369-8536-75e2d6093985 port:49152, addresses:[localhost/127.0.0.1]]
2024-02-04T22:02:33.897+0900 [DEBUG] [org.gradle.launcher.daemon.registry.PersistentDaemonRegistry] Marking busy by address: [98482f1a-5f10-4369-8536-75e2d6093985 port:49152, addresses:[localhost/127.0.0.1]]
2024-02-04T22:02:33.897+0900 [DEBUG] [org.gradle.cache.internal.DefaultFileLockManager] Waiting to acquire exclusive lock on daemon addresses registry.
2024-02-04T22:02:33.897+0900 [DEBUG] [org.gradle.cache.internal.DefaultFileLockManager] Lock acquired on daemon addresses registry.
2024-02-04T22:02:33.898+0900 [DEBUG] [org.gradle.cache.internal.DefaultFileLockManager] Releasing lock on daemon addresses registry.
2024-02-04T22:02:33.898+0900 [DEBUG] [org.gradle.launcher.daemon.server.DaemonStateCoordinator] resetting idle timer
2024-02-04T22:02:33.898+0900 [DEBUG] [org.gradle.launcher.daemon.server.DaemonStateCoordinator] daemon is running. Sleeping until state changes.
2024-02-04T22:02:33.900+0900 [INFO] [org.gradle.launcher.daemon.server.exec.StartBuildOrRespondWithBusy] Daemon is about to start building Build{id=3a8bb50f-2754-4684-8bba-6cda4af47453, currentDir=/Users/electrozone/Backend}. Dispatching build started information...
2024-02-04T22:02:33.900+0900 [DEBUG] [org.gradle.launcher.daemon.server.SynchronizedDispatchConnection] thread 23: dispatching org.gradle.launcher.daemon.protocol.BuildStarted@60348ca3
2024-02-04T22:02:33.902+0900 [DEBUG] [org.gradle.launcher.daemon.server.SynchronizedDispatchConnection] thread 21: received class org.gradle.launcher.daemon.protocol.CloseInput
2024-02-04T22:02:33.902+0900 [DEBUG] [org.gradle.launcher.daemon.server.DefaultDaemonConnection] thread 21: Received IO message from client: org.gradle.launcher.daemon.protocol.CloseInput@609e5b32
2024-02-04T22:02:33.902+0900 [DEBUG] [org.gradle.launcher.daemon.server.exec.EstablishBuildEnvironment] Configuring env variables: [PATH, __CFBundleIdentifier, SHELL, MANPATH, IJ_RESTARTER_LOG, HOMEBREW_CELLAR, OLDPWD, SECURITYSESSIONID, USER, HOMEBREW_PREFIX, COMMAND_MODE, LaunchInstanceID, TMPDIR, SSH_AUTH_SOCK, XPC_FLAGS, __CF_USER_TEXT_ENCODING, LOGNAME, HOMEBREW_REPOSITORY, LC_CTYPE, XPC_SERVICE_NAME, IDEA_INITIAL_DIRECTORY, INFOPATH, HOME]
2024-02-04T22:02:33.904+0900 [DEBUG] [org.gradle.launcher.daemon.server.exec.LogToClient] About to start relaying all logs to the client via the connection.
2024-02-04T22:02:33.904+0900 [INFO] [org.gradle.launcher.daemon.server.exec.LogToClient] The client will now receive all logging from the daemon (pid: 14078). The daemon log file: /Users/electrozone/Backend/gradle/wrapper/daemon/8.5/daemon-14078.out.log
2024-02-04T22:02:33.907+0900 [INFO] [org.gradle.launcher.daemon.server.exec.LogAndCheckHealth] Starting build in new daemon [memory: 512 MiB]
2024-02-04T22:02:33.909+0900 [INFO] [org.gradle.launcher.daemon.server.exec.ForwardClientInput] Closing daemon's stdin at end of input.
2024-02-04T22:02:33.910+0900 [INFO] [org.gradle.launcher.daemon.server.exec.ForwardClientInput] The daemon will no longer process any standard input.
2024-02-04T22:02:33.909+0900 [DEBUG] [org.gradle.launcher.daemon.server.exec.ExecuteBuild] The daemon has started executing the build.
2024-02-04T22:02:33.910+0900 [DEBUG] [org.gradle.launcher.daemon.server.exec.ExecuteBuild] Executing build with daemon context: DefaultDaemonContext[uid=19ac3835-0771-4eb5-93c5-e2b18b6652f0,javaHome=/Library/Java/JavaVirtualMachines/jdk-17.jdk/Contents/Home,daemonRegistryDir=/Users/electrozone/Backend/gradle/wrapper/daemon,pid=14078,idleTimeout=10800000,priority=NORMAL,applyInstrumentationAgent=true,daemonOpts=--add-opens=java.base/java.util=ALL-UNNAMED,--add-opens=java.base/java.lang=ALL-UNNAMED,--add-opens=java.base/java.lang.invoke=ALL-UNNAMED,--add-opens=java.prefs/java.util.prefs=ALL-UNNAMED,--add-opens=java.base/java.nio.charset=ALL-UNNAMED,--add-opens=java.base/java.net=ALL-UNNAMED,--add-opens=java.base/java.util.concurrent.atomic=ALL-UNNAMED,-XX:MaxMetaspaceSize=384m,-XX:+HeapDumpOnOutOfMemoryError,-Xms256m,-Xmx512m,-Dfile.encoding=UTF-8,-Duser.country=KR,-Duser.language=ko,-Duser.variant]

BUILD SUCCESSFUL in 10s
2024-02-04T22:02:43.638+0900 [DEBUG] [org.gradle.launcher.daemon.server.exec.ExecuteBuild] The daemon has finished executing the build.
2024-02-04T22:02:43.652+0900 [DEBUG] [org.gradle.launcher.daemon.server.DaemonStateCoordinator] daemon is running. Sleeping until state changes.
2024-02-04T22:02:43.652+0900 [DEBUG] [org.gradle.launcher.daemon.server.DaemonStateCoordinator] Command execution: finished waiting for DaemonCommandExecution[command = Build{id=3a8bb50f-2754-4684-8bba-6cda4af47453, currentDir=/Users/electrozone/Backend}, connection = DefaultDaemonConnection: socket connection from /127.0.0.1:49152 to /127.0.0.1:49154]. Result org.gradle.launcher.daemon.server.DaemonStateCoordinator@611e3e4c with state Busy
2024-02-04T22:02:43.653+0900 [DEBUG] [org.gradle.launcher.daemon.server.DaemonStateCoordinator] Command execution: completed DaemonCommandExecution[command = Build{id=3a8bb50f-2754-4684-8bba-6cda4af47453, currentDir=/Users/electrozone/Backend}, connection = DefaultDaemonConnection: socket connection from /127.0.0.1:49152 to /127.0.0.1:49154]
2024-02-04T22:02:43.653+0900 [DEBUG] [org.gradle.launcher.daemon.server.DaemonStateCoordinator] resetting idle timer
2024-02-04T22:02:43.653+0900 [INFO] [org.gradle.launcher.daemon.server.DaemonRegistryUpdater] Marking the daemon as idle, address: [98482f1a-5f10-4369-8536-75e2d6093985 port:49152, addresses:[localhost/127.0.0.1]]
2024-02-04T22:02:43.653+0900 [DEBUG] [org.gradle.launcher.daemon.registry.PersistentDaemonRegistry] Marking busy by address: [98482f1a-5f10-4369-8536-75e2d6093985 port:49152, addresses:[localhost/127.0.0.1]]
2024-02-04T22:02:43.653+0900 [DEBUG] [org.gradle.cache.internal.DefaultFileLockManager] Waiting to acquire exclusive lock on daemon addresses registry.
2024-02-04T22:02:43.653+0900 [DEBUG] [org.gradle.cache.internal.DefaultFileLockManager] Lock acquired on daemon addresses registry.
2024-02-04T22:02:43.654+0900 [DEBUG] [org.gradle.cache.internal.DefaultFileLockManager] Releasing lock on daemon addresses registry.
2024-02-04T22:02:43.654+0900 [DEBUG] [org.gradle.launcher.daemon.server.exec.ReturnResult] Daemon is dispatching the build result: Success[value=org.gradle.launcher.exec.BuildActionResult@194e9dee]
2024-02-04T22:02:43.654+0900 [DEBUG] [org.gradle.launcher.daemon.server.SynchronizedDispatchConnection] thread 20: dispatching Success[value=org.gradle.launcher.exec.BuildActionResult@194e9dee]
2024-02-04T22:02:43.654+0900 [DEBUG] [org.gradle.launcher.daemon.server.DaemonStateCoordinator] daemon is running. Sleeping until state changes.
2024-02-04T22:02:43.655+0900 [DEBUG] [org.gradle.launcher.daemon.server.DefaultIncomingConnectionHandler] Finishing executing command: Build{id=3a8bb50f-2754-4684-8bba-6cda4af47453, currentDir=/Users/electrozone/Backend}
2024-02-04T22:02:43.656+0900 [DEBUG] [org.gradle.launcher.daemon.server.SynchronizedDispatchConnection] thread 21: received class org.gradle.launcher.daemon.protocol.Finished
2024-02-04T22:02:43.656+0900 [DEBUG] [org.gradle.launcher.daemon.server.DefaultDaemonConnection] thread 21: Received non-IO message from client: org.gradle.launcher.daemon.protocol.Finished@5b45e7e6
2024-02-04T22:02:43.656+0900 [DEBUG] [org.gradle.internal.remote.internal.inet.SocketConnection] Discarding EOFException: java.io.EOFException
2024-02-04T22:02:43.656+0900 [DEBUG] [org.gradle.launcher.daemon.server.SynchronizedDispatchConnection] thread 21: received null
2024-02-04T22:02:43.656+0900 [DEBUG] [org.gradle.launcher.daemon.server.DefaultDaemonConnection] thread 21: Received end-of-input from client.
2024-02-04T22:02:43.657+0900 [WARN] [org.gradle.launcher.daemon.server.DefaultIncomingConnectionHandler] Timed out waiting for finished message from client socket connection from /127.0.0.1:49152 to /127.0.0.1:49154. Discarding connection.
2024-02-04T22:02:43.657+0900 [DEBUG] [org.gradle.launcher.daemon.server.SynchronizedDispatchConnection] thread 20: stopping connection
2024-02-04T22:02:43.660+0900 [DEBUG] [org.gradle.launcher.daemon.server.SynchronizedDispatchConnection] thread 20: stopping connection
2024-02-04T22:02:43.868+0900 [DEBUG] [org.gradle.cache.internal.DefaultFileLockManager] Waiting to acquire shared lock on daemon addresses registry.
2024-02-04T22:02:43.868+0900 [DEBUG] [org.gradle.cache.internal.DefaultFileLockManager] Lock acquired on daemon addresses registry.
2024-02-04T22:02:43.869+0900 [DEBUG] [org.gradle.cache.internal.DefaultFileLockManager] Releasing lock on daemon addresses registry.
2024-02-04T22:02:43.869+0900 [DEBUG] [org.gradle.cache.internal.DefaultFileLockManager] Waiting to acquire shared lock on daemon addresses registry.
2024-02-04T22:02:43.869+0900 [DEBUG] [org.gradle.cache.internal.DefaultFileLockManager] Lock acquired on daemon addresses registry.
2024-02-04T22:02:43.870+0900 [DEBUG] [org.gradle.cache.internal.DefaultFileLockManager] Releasing lock on daemon addresses registry.
2024-02-04T22:02:53.867+0900 [DEBUG] [org.gradle.cache.internal.DefaultFileLockManager] Waiting to acquire shared lock on daemon addresses registry.
2024-02-04T22:02:53.868+0900 [DEBUG] [org.gradle.cache.internal.DefaultFileLockManager] Lock acquired on daemon addresses registry.
2024-02-04T22:02:53.869+0900 [DEBUG] [org.gradle.cache.internal.DefaultFileLockManager] Releasing lock on daemon addresses registry.
2024-02-04T22:02:53.870+0900 [DEBUG] [org.gradle.cache.internal.DefaultFileLockManager] Waiting to acquire shared lock on daemon addresses registry.
2024-02-04T22:02:53.870+0900 [DEBUG] [org.gradle.cache.internal.DefaultFileLockManager] Lock acquired on daemon addresses registry.
2024-02-04T22:02:53.870+0900 [DEBUG] [org.gradle.cache.internal.DefaultFileLockManager] Releasing lock on daemon addresses registry.
2024-02-04T22:02:53.870+0900 [DEBUG] [org.gradle.cache.internal.DefaultFileLockManager] Waiting to acquire shared lock on daemon addresses registry.
2024-02-04T22:02:53.870+0900 [DEBUG] [org.gradle.cache.internal.DefaultFileLockManager] Lock acquired on daemon addresses registry.
2024-02-04T22:02:53.870+0900 [DEBUG] [org.gradle.cache.internal.DefaultFileLockManager] Releasing lock on daemon addresses registry.
2024-02-04T22:03:03.872+0900 [DEBUG] [org.gradle.cache.internal.DefaultFileLockManager] Waiting to acquire shared lock on daemon addresses registry.
2024-02-04T22:03:03.875+0900 [DEBUG] [org.gradle.cache.internal.DefaultFileLockManager] Lock acquired on daemon addresses registry.
2024-02-04T22:03:03.876+0900 [DEBUG] [org.gradle.cache.internal.DefaultFileLockManager] Releasing lock on daemon addresses registry.
2024-02-04T22:03:03.878+0900 [DEBUG] [org.gradle.cache.internal.DefaultFileLockManager] Waiting to acquire shared lock on daemon addresses registry.
2024-02-04T22:03:03.878+0900 [DEBUG] [org.gradle.cache.internal.DefaultFileLockManager] Lock acquired on daemon addresses registry.
2024-02-04T22:03:03.878+0900 [DEBUG] [org.gradle.cache.internal.DefaultFileLockManager] Releasing lock on daemon addresses registry.
2024-02-04T22:03:03.879+0900 [DEBUG] [org.gradle.cache.internal.DefaultFileLockManager] Waiting to acquire shared lock on daemon addresses registry.
2024-02-04T22:03:03.879+0900 [DEBUG] [org.gradle.cache.internal.DefaultFileLockManager] Lock acquired on daemon addresses registry.
2024-02-04T22:03:03.879+0900 [DEBUG] [org.gradle.cache.internal.DefaultFileLockManager] Releasing lock on daemon addresses registry.
2024-02-04T22:03:13.867+0900 [DEBUG] [org.gradle.cache.internal.DefaultFileLockManager] Waiting to acquire shared lock on daemon addresses registry.
2024-02-04T22:03:13.868+0900 [DEBUG] [org.gradle.cache.internal.DefaultFileLockManager] Lock acquired on daemon addresses registry.
2024-02-04T22:03:13.869+0900 [DEBUG] [org.gradle.cache.internal.DefaultFileLockManager] Releasing lock on daemon addresses registry.
2024-02-04T22:03:13.869+0900 [DEBUG] [org.gradle.cache.internal.DefaultFileLockManager] Waiting to acquire shared lock on daemon addresses registry.
2024-02-04T22:03:13.870+0900 [DEBUG] [org.gradle.cache.internal.DefaultFileLockManager] Lock acquired on daemon addresses registry.
2024-02-04T22:03:13.870+0900 [DEBUG] [org.gradle.cache.internal.DefaultFileLockManager] Releasing lock on daemon addresses registry.
2024-02-04T22:03:13.870+0900 [DEBUG] [org.gradle.cache.internal.DefaultFileLockManager] Waiting to acquire shared lock on daemon addresses registry.
2024-02-04T22:03:13.871+0900 [DEBUG] [org.gradle.cache.internal.DefaultFileLockManager] Lock acquired on daemon addresses registry.
2024-02-04T22:03:13.871+0900 [DEBUG] [org.gradle.cache.internal.DefaultFileLockManager] Releasing lock on daemon addresses registry.
2024-02-04T22:03:23.871+0900 [DEBUG] [org.gradle.cache.internal.DefaultFileLockManager] Waiting to acquire shared lock on daemon addresses registry.
2024-02-04T22:03:23.873+0900 [DEBUG] [org.gradle.cache.internal.DefaultFileLockManager] Lock acquired on daemon addresses registry.
2024-02-04T22:03:23.875+0900 [DEBUG] [org.gradle.cache.internal.DefaultFileLockManager] Releasing lock on daemon addresses registry.
2024-02-04T22:03:23.876+0900 [DEBUG] [org.gradle.cache.internal.DefaultFileLockManager] Waiting to acquire shared lock on daemon addresses registry.
2024-02-04T22:03:23.876+0900 [DEBUG] [org.gradle.cache.internal.DefaultFileLockManager] Lock acquired on daemon addresses registry.
2024-02-04T22:03:23.876+0900 [DEBUG] [org.gradle.cache.internal.DefaultFileLockManager] Releasing lock on daemon addresses registry.
2024-02-04T22:03:23.877+0900 [DEBUG] [org.gradle.cache.internal.DefaultFileLockManager] Waiting to acquire shared lock on daemon addresses registry.
2024-02-04T22:03:23.877+0900 [DEBUG] [org.gradle.cache.internal.DefaultFileLockManager] Lock acquired on daemon addresses registry.
2024-02-04T22:03:23.877+0900 [DEBUG] [org.gradle.cache.internal.DefaultFileLockManager] Releasing lock on daemon addresses registry.
2024-02-04T22:03:33.868+0900 [DEBUG] [org.gradle.cache.internal.DefaultFileLockManager] Waiting to acquire shared lock on daemon addresses registry.
2024-02-04T22:03:33.869+0900 [DEBUG] [org.gradle.cache.internal.DefaultFileLockManager] Lock acquired on daemon addresses registry.
2024-02-04T22:03:33.870+0900 [DEBUG] [org.gradle.cache.internal.DefaultFileLockManager] Releasing lock on daemon addresses registry.
2024-02-04T22:03:33.871+0900 [DEBUG] [org.gradle.cache.internal.DefaultFileLockManager] Waiting to acquire shared lock on daemon addresses registry.
2024-02-04T22:03:33.871+0900 [DEBUG] [org.gradle.cache.internal.DefaultFileLockManager] Lock acquired on daemon addresses registry.
2024-02-04T22:03:33.871+0900 [DEBUG] [org.gradle.cache.internal.DefaultFileLockManager] Releasing lock on daemon addresses registry.
2024-02-04T22:03:33.872+0900 [DEBUG] [org.gradle.cache.internal.DefaultFileLockManager] Waiting to acquire shared lock on daemon addresses registry.
2024-02-04T22:03:33.872+0900 [DEBUG] [org.gradle.cache.internal.DefaultFileLockManager] Lock acquired on daemon addresses registry.
2024-02-04T22:03:33.872+0900 [DEBUG] [org.gradle.cache.internal.DefaultFileLockManager] Releasing lock on daemon addresses registry.
2024-02-04T22:03:43.866+0900 [DEBUG] [org.gradle.cache.internal.DefaultFileLockManager] Waiting to acquire shared lock on daemon addresses registry.
2024-02-04T22:03:43.870+0900 [DEBUG] [org.gradle.cache.internal.DefaultFileLockManager] Lock acquired on daemon addresses registry.
2024-02-04T22:03:43.875+0900 [DEBUG] [org.gradle.cache.internal.DefaultFileLockManager] Releasing lock on daemon addresses registry.
2024-02-04T22:03:43.880+0900 [DEBUG] [org.gradle.cache.internal.DefaultFileLockManager] Waiting to acquire shared lock on daemon addresses registry.
2024-02-04T22:03:43.881+0900 [DEBUG] [org.gradle.cache.internal.DefaultFileLockManager] Lock acquired on daemon addresses registry.
2024-02-04T22:03:43.881+0900 [DEBUG] [org.gradle.cache.internal.DefaultFileLockManager] Releasing lock on daemon addresses registry.
2024-02-04T22:03:43.882+0900 [DEBUG] [org.gradle.cache.internal.DefaultFileLockManager] Waiting to acquire shared lock on daemon addresses registry.
2024-02-04T22:03:43.883+0900 [DEBUG] [org.gradle.cache.internal.DefaultFileLockManager] Lock acquired on daemon addresses registry.
2024-02-04T22:03:43.884+0900 [DEBUG] [org.gradle.cache.internal.DefaultFileLockManager] Releasing lock on daemon addresses registry.
2024-02-04T22:03:53.869+0900 [DEBUG] [org.gradle.cache.internal.DefaultFileLockManager] Waiting to acquire shared lock on daemon addresses registry.
2024-02-04T22:03:53.871+0900 [DEBUG] [org.gradle.cache.internal.DefaultFileLockManager] Lock acquired on daemon addresses registry.
2024-02-04T22:03:53.872+0900 [DEBUG] [org.gradle.cache.internal.DefaultFileLockManager] Releasing lock on daemon addresses registry.
2024-02-04T22:03:53.873+0900 [DEBUG] [org.gradle.cache.internal.DefaultFileLockManager] Waiting to acquire shared lock on daemon addresses registry.
2024-02-04T22:03:53.873+0900 [DEBUG] [org.gradle.cache.internal.DefaultFileLockManager] Lock acquired on daemon addresses registry.
2024-02-04T22:03:53.873+0900 [DEBUG] [org.gradle.cache.internal.DefaultFileLockManager] Releasing lock on daemon addresses registry.
2024-02-04T22:03:53.874+0900 [DEBUG] [org.gradle.cache.internal.DefaultFileLockManager] Waiting to acquire shared lock on daemon addresses registry.
2024-02-04T22:03:53.874+0900 [DEBUG] [org.gradle.cache.internal.DefaultFileLockManager] Lock acquired on daemon addresses registry.
2024-02-04T22:03:53.874+0900 [DEBUG] [org.gradle.cache.internal.DefaultFileLockManager] Releasing lock on daemon addresses registry.
2024-02-04T22:03:53.876+0900 [DEBUG] [org.gradle.launcher.daemon.server.DaemonRegistryUpdater] Storing daemon stop event: after the daemon was no longer found in the daemon registry
2024-02-04T22:03:53.877+0900 [DEBUG] [org.gradle.launcher.daemon.registry.PersistentDaemonRegistry] Storing daemon stop event with timestamp 1707051833877
2024-02-04T22:03:53.880+0900 [DEBUG] [org.gradle.cache.internal.DefaultFileLockManager] Waiting to acquire exclusive lock on daemon addresses registry.
2024-02-04T22:03:53.881+0900 [DEBUG] [org.gradle.cache.internal.DefaultFileLockManager] Lock acquired on daemon addresses registry.
2024-02-04T22:03:53.882+0900 [DEBUG] [org.gradle.cache.internal.DefaultFileLockManager] Releasing lock on daemon addresses registry.
2024-02-04T22:03:53.882+0900 [LIFECYCLE] [org.gradle.launcher.daemon.server.DaemonStateCoordinator] Daemon will be stopped at the end of the build after the daemon was no longer found in the daemon registry
2024-02-04T22:03:53.882+0900 [DEBUG] [org.gradle.launcher.daemon.server.DaemonStateCoordinator] Marking daemon stopped due to after the daemon was no longer found in the daemon registry. The daemon is running a build: false
2024-02-04T22:03:53.882+0900 [DEBUG] [org.gradle.launcher.daemon.server.DaemonStateCoordinator] daemon has stopped.
2024-02-04T22:03:53.883+0900 [DEBUG] [org.gradle.launcher.daemon.server.Daemon] stop() called on daemon
2024-02-04T22:03:53.883+0900 [INFO] [org.gradle.launcher.daemon.server.Daemon] Stop requested. Daemon is removing its presence from the registry...
2024-02-04T22:03:53.883+0900 [DEBUG] [org.gradle.launcher.daemon.server.DaemonRegistryUpdater] Removing our presence to clients, eg. removing this address from the registry: [98482f1a-5f10-4369-8536-75e2d6093985 port:49152, addresses:[localhost/127.0.0.1]]
2024-02-04T22:03:53.883+0900 [DEBUG] [org.gradle.launcher.daemon.registry.PersistentDaemonRegistry] Removing daemon address: [98482f1a-5f10-4369-8536-75e2d6093985 port:49152, addresses:[localhost/127.0.0.1]]
2024-02-04T22:03:53.884+0900 [DEBUG] [org.gradle.cache.internal.DefaultFileLockManager] Waiting to acquire exclusive lock on daemon addresses registry.
2024-02-04T22:03:53.886+0900 [DEBUG] [org.gradle.cache.internal.DefaultFileLockManager] Lock acquired on daemon addresses registry.
2024-02-04T22:03:53.886+0900 [DEBUG] [org.gradle.cache.internal.DefaultFileLockManager] Releasing lock on daemon addresses registry.
2024-02-04T22:03:53.886+0900 [DEBUG] [org.gradle.launcher.daemon.server.DaemonRegistryUpdater] Address removed from registry.
2024-02-04T22:03:53.891+0900 [DEBUG] [org.gradle.cache.internal.DefaultPersistentDirectoryStore] jars (/Users/electrozone/Backend/gradle/wrapper/caches/jars-9) has last been fully cleaned up 4 hours ago
2024-02-04T22:03:53.892+0900 [DEBUG] [org.gradle.cache.internal.DefaultCacheCoordinator] Cache jars (/Users/electrozone/Backend/gradle/wrapper/caches/jars-9) was closed 10 times.
2024-02-04T22:03:53.893+0900 [DEBUG] [org.gradle.cache.internal.DefaultPersistentDirectoryStore] Artifact transforms cache (/Users/electrozone/Backend/gradle/wrapper/caches/transforms-3) has last been fully cleaned up 4 hours ago
2024-02-04T22:03:53.893+0900 [DEBUG] [org.gradle.cache.internal.DefaultCacheCoordinator] Cache Artifact transforms cache (/Users/electrozone/Backend/gradle/wrapper/caches/transforms-3) was closed 0 times.
2024-02-04T22:03:53.899+0900 [DEBUG] [org.gradle.cache.internal.LockOnDemandCrossProcessCacheAccess] Releasing file lock for file content cache (/Users/electrozone/Backend/gradle/wrapper/caches/8.5/fileContent)
2024-02-04T22:03:53.899+0900 [DEBUG] [org.gradle.cache.internal.DefaultFileLockManager] Releasing lock on file content cache (/Users/electrozone/Backend/gradle/wrapper/caches/8.5/fileContent).
2024-02-04T22:03:53.899+0900 [DEBUG] [org.gradle.cache.internal.DefaultCacheCoordinator] Cache file content cache (/Users/electrozone/Backend/gradle/wrapper/caches/8.5/fileContent) was closed 2 times.
2024-02-04T22:03:53.899+0900 [DEBUG] [org.gradle.internal.watch.vfs.impl.WatchingVirtualFileSystem] Closing VFS, dropping state
2024-02-04T22:03:53.903+0900 [DEBUG] [org.gradle.internal.watch.registry.impl.DefaultFileWatcherRegistry] Finished listening to file system change events
2024-02-04T22:03:53.903+0900 [DEBUG] [org.gradle.cache.internal.DefaultCacheCoordinator] Cache Generated Gradle JARs cache (/Users/electrozone/Backend/gradle/wrapper/caches/8.5/generated-gradle-jars) was closed 0 times.
2024-02-04T22:03:53.903+0900 [DEBUG] [org.gradle.cache.internal.LockOnDemandCrossProcessCacheAccess] Releasing file lock for artifact cache (/Users/electrozone/Backend/gradle/wrapper/caches/modules-2)
2024-02-04T22:03:53.903+0900 [DEBUG] [org.gradle.cache.internal.btree.BTreePersistentIndexedCache] Closing cache module-artifact.bin (/Users/electrozone/Backend/gradle/wrapper/caches/modules-2/metadata-2.106/module-artifact.bin)
2024-02-04T22:03:53.904+0900 [DEBUG] [org.gradle.cache.internal.btree.BTreePersistentIndexedCache] Closing cache module-metadata.bin (/Users/electrozone/Backend/gradle/wrapper/caches/modules-2/metadata-2.106/module-metadata.bin)
2024-02-04T22:03:53.904+0900 [DEBUG] [org.gradle.cache.internal.DefaultFileLockManager] Releasing lock on artifact cache (/Users/electrozone/Backend/gradle/wrapper/caches/modules-2).
2024-02-04T22:03:53.904+0900 [DEBUG] [org.gradle.cache.internal.DefaultPersistentDirectoryStore] artifact cache (/Users/electrozone/Backend/gradle/wrapper/caches/modules-2) has last been fully cleaned up 4 hours ago
2024-02-04T22:03:53.904+0900 [DEBUG] [org.gradle.cache.internal.DefaultCacheCoordinator] Cache artifact cache (/Users/electrozone/Backend/gradle/wrapper/caches/modules-2) was closed 6 times.
2024-02-04T22:03:53.905+0900 [DEBUG] [org.gradle.cache.internal.LockOnDemandCrossProcessCacheAccess] Releasing file lock for journal cache (/Users/electrozone/Backend/gradle/wrapper/caches/journal-1)
2024-02-04T22:03:53.905+0900 [DEBUG] [org.gradle.cache.internal.btree.BTreePersistentIndexedCache] Closing cache file-access.bin (/Users/electrozone/Backend/gradle/wrapper/caches/journal-1/file-access.bin)
2024-02-04T22:03:53.905+0900 [DEBUG] [org.gradle.cache.internal.DefaultFileLockManager] Releasing lock on journal cache (/Users/electrozone/Backend/gradle/wrapper/caches/journal-1).
2024-02-04T22:03:53.905+0900 [DEBUG] [org.gradle.cache.internal.DefaultCacheCoordinator] Cache journal cache (/Users/electrozone/Backend/gradle/wrapper/caches/journal-1) was closed 13 times.
2024-02-04T22:03:53.905+0900 [DEBUG] [org.gradle.cache.internal.DefaultCacheCoordinator] Cache file hash cache (/Users/electrozone/Backend/gradle/wrapper/caches/8.5/fileHashes) was closed 8 times.
2024-02-04T22:03:53.906+0900 [DEBUG] [org.gradle.cache.internal.LockOnDemandCrossProcessCacheAccess] Releasing file lock for execution history cache (/Users/electrozone/Backend/gradle/wrapper/caches/8.5/executionHistory)
2024-02-04T22:03:53.906+0900 [DEBUG] [org.gradle.cache.internal.DefaultFileLockManager] Releasing lock on execution history cache (/Users/electrozone/Backend/gradle/wrapper/caches/8.5/executionHistory).
2024-02-04T22:03:53.916+0900 [DEBUG] [org.gradle.cache.internal.VersionSpecificCacheCleanupAction] Processed version-specific caches at /Users/electrozone/Backend/gradle/wrapper/caches for cleanup in 0.009 secs
Daemon vm is shutting down... The daemon has exited normally or was terminated in response to a user interrupt.
2024-02-04T22:03:53.925+0900 [DEBUG] [org.gradle.launcher.daemon.registry.PersistentDaemonRegistry] Removing daemon address: [98482f1a-5f10-4369-8536-75e2d6093985 port:49152, addresses:[localhost/127.0.0.1]]
2024-02-04T22:03:53.926+0900 [DEBUG] [org.gradle.cache.internal.DefaultFileLockManager] Waiting to acquire exclusive lock on daemon addresses registry.
2024-02-04T22:03:53.926+0900 [DEBUG] [org.gradle.cache.internal.DefaultFileLockManager] Lock acquired on daemon addresses registry.
2024-02-04T22:03:53.926+0900 [DEBUG] [org.gradle.cache.internal.DefaultFileLockManager] Releasing lock on daemon addresses registry.
